Nov 21, 2020 9:28:57 PM org.eclipse.birt.chart.device.swt.SwtDisplayServer <init>
INFO: SWT Display Server: gtk v4,880
Nov 21, 2020 9:28:57 PM org.eclipse.birt.chart.device.swt.R31Enhance <clinit>
INFO: Advanced SWT graphics functions enabled.
Nov 21, 2020 9:28:57 PM org.eclipse.birt.chart.device.swt.SwtRendererImpl setProperty
INFO: Using graphics context org.eclipse.swt.graphics.GC@GC {140608446308352}
Nov 21, 2020 9:28:58 PM org.eclipse.birt.chart.script.AbstractScriptHandler register
INFO: Trying to load Chart Java event handler class...
Nov 21, 2020 9:28:58 PM org.eclipse.birt.chart.script.AbstractScriptHandler register
INFO: A Chart Java event handler class [class org.eclipse.mat.impl.chart.StorageUnitRenderScript] has been loaded successfully.
Nov 21, 2020 9:28:58 PM org.eclipse.birt.chart.render.EmptyWithoutAxes renderSeries
INFO: org.eclipse.birt.chart.render.EmptyWithoutAxes: renderSeries() [1/2]
Nov 21, 2020 9:28:58 PM org.eclipse.birt.chart.extension.render.Pie renderSeries
INFO: {0}: renderSeries() [{1}/{2}]org.eclipse.birt.chart.extension.render.Pie22
Nov 21, 2020 9:31:25 PM org.eclipse.birt.chart.device.swing.SwingDisplayServer <init>
INFO: SWING Display Server: Oracle Corporation v1.8.0_161
Nov 21, 2020 9:31:25 PM org.eclipse.birt.chart.script.AbstractScriptHandler register
INFO: Trying to load Chart Java event handler class...
Nov 21, 2020 9:31:25 PM org.eclipse.birt.chart.script.AbstractScriptHandler register
INFO: A Chart Java event handler class [class org.eclipse.mat.impl.chart.LabelRenderScript] has been loaded successfully.
Nov 21, 2020 9:31:25 PM org.eclipse.birt.chart.device.swing.SwingRendererImpl prepareGraphicsContext
INFO: Using graphics context sun.java2d.SunGraphics2D[font=java.awt.Font[family=Dialog,name=Dialog,style=plain,size=12],color=java.awt.Color[r=255,g=255,b=255]]
Nov 21, 2020 9:31:25 PM org.eclipse.birt.chart.render.EmptyWithoutAxes renderSeries
INFO: org.eclipse.birt.chart.render.EmptyWithoutAxes: renderSeries() [1/2]
Nov 21, 2020 9:31:25 PM org.eclipse.birt.chart.extension.render.Pie renderSeries
INFO: {0}: renderSeries() [{1}/{2}]org.eclipse.birt.chart.extension.render.Pie22
Nov 21, 2020 9:31:25 PM org.eclipse.birt.chart.device.image.JavaxImageIOWriter after
INFO: Using {0} image writer {1}pngcom.sun.imageio.plugins.png.PNGImageWriter
Nov 21, 2020 9:31:25 PM org.eclipse.birt.chart.device.swing.SwingDisplayServer <init>
INFO: SWING Display Server: Oracle Corporation v1.8.0_161
Nov 21, 2020 9:31:25 PM org.eclipse.birt.chart.script.AbstractScriptHandler register
INFO: Trying to load Chart Java event handler class...
Nov 21, 2020 9:31:25 PM org.eclipse.birt.chart.script.AbstractScriptHandler register
INFO: A Chart Java event handler class [class org.eclipse.mat.impl.chart.LabelRenderScript] has been loaded successfully.
Nov 21, 2020 9:31:25 PM org.eclipse.birt.chart.device.swing.SwingRendererImpl prepareGraphicsContext
INFO: Using graphics context sun.java2d.SunGraphics2D[font=java.awt.Font[family=Dialog,name=Dialog,style=plain,size=12],color=java.awt.Color[r=255,g=255,b=255]]
Nov 21, 2020 9:31:25 PM org.eclipse.birt.chart.render.EmptyWithoutAxes renderSeries
INFO: org.eclipse.birt.chart.render.EmptyWithoutAxes: renderSeries() [1/2]
Nov 21, 2020 9:31:25 PM org.eclipse.birt.chart.extension.render.Pie renderSeries
INFO: {0}: renderSeries() [{1}/{2}]org.eclipse.birt.chart.extension.render.Pie22
Nov 21, 2020 9:31:25 PM org.eclipse.birt.chart.device.image.JavaxImageIOWriter after
INFO: Using {0} image writer {1}pngcom.sun.imageio.plugins.png.PNGImageWriter
Nov 21, 2020 9:31:26 PM org.eclipse.birt.chart.device.swing.SwingDisplayServer <init>
INFO: SWING Display Server: Oracle Corporation v1.8.0_161
Nov 21, 2020 9:31:26 PM org.eclipse.birt.chart.script.AbstractScriptHandler register
INFO: Trying to load Chart Java event handler class...
Nov 21, 2020 9:31:26 PM org.eclipse.birt.chart.script.AbstractScriptHandler register
INFO: A Chart Java event handler class [class org.eclipse.mat.impl.chart.LabelRenderScript] has been loaded successfully.
Nov 21, 2020 9:31:26 PM org.eclipse.birt.chart.device.swing.SwingRendererImpl prepareGraphicsContext
INFO: Using graphics context sun.java2d.SunGraphics2D[font=java.awt.Font[family=Dialog,name=Dialog,style=plain,size=12],color=java.awt.Color[r=255,g=255,b=255]]
Nov 21, 2020 9:31:26 PM org.eclipse.birt.chart.render.EmptyWithoutAxes renderSeries
INFO: org.eclipse.birt.chart.render.EmptyWithoutAxes: renderSeries() [1/2]
Nov 21, 2020 9:31:26 PM org.eclipse.birt.chart.extension.render.Pie renderSeries
INFO: {0}: renderSeries() [{1}/{2}]org.eclipse.birt.chart.extension.render.Pie22
Nov 21, 2020 9:31:26 PM org.eclipse.birt.chart.device.image.JavaxImageIOWriter after
INFO: Using {0} image writer {1}pngcom.sun.imageio.plugins.png.PNGImageWriter
Nov 21, 2020 9:31:27 PM org.eclipse.birt.chart.device.swing.SwingDisplayServer <init>
INFO: SWING Display Server: Oracle Corporation v1.8.0_161
Nov 21, 2020 9:31:27 PM org.eclipse.birt.chart.script.AbstractScriptHandler register
INFO: Trying to load Chart Java event handler class...
Nov 21, 2020 9:31:27 PM org.eclipse.birt.chart.script.AbstractScriptHandler register
INFO: A Chart Java event handler class [class org.eclipse.mat.impl.chart.LabelRenderScript] has been loaded successfully.
Nov 21, 2020 9:31:27 PM org.eclipse.birt.chart.device.swing.SwingRendererImpl prepareGraphicsContext
INFO: Using graphics context sun.java2d.SunGraphics2D[font=java.awt.Font[family=Dialog,name=Dialog,style=plain,size=12],color=java.awt.Color[r=255,g=255,b=255]]
Nov 21, 2020 9:31:27 PM org.eclipse.birt.chart.render.EmptyWithoutAxes renderSeries
INFO: org.eclipse.birt.chart.render.EmptyWithoutAxes: renderSeries() [1/2]
Nov 21, 2020 9:31:27 PM org.eclipse.birt.chart.extension.render.Pie renderSeries
INFO: {0}: renderSeries() [{1}/{2}]org.eclipse.birt.chart.extension.render.Pie22
Nov 21, 2020 9:31:27 PM org.eclipse.birt.chart.device.image.JavaxImageIOWriter after
INFO: Using {0} image writer {1}pngcom.sun.imageio.plugins.png.PNGImageWriter
