2602:
2020-11-21 21:20:13
Full thread dump OpenJDK 64-Bit Server VM (25.161-b14 mixed mode):

"ServerService Thread Pool -- 75" #155 prio=5 os_prio=0 tid=0x00000000052fc2e0 nid=0xb24 waiting on condition [0x00007fc76afc7000]
   java.lang.Thread.State: WAITING (parking)
	at sun.misc.Unsafe.park(Native Method)
	- parking to wait for  <0x00000000db7aa298> (a java.util.concurrent.locks.AbstractQueuedSynchronizer$ConditionObject)
	at java.util.concurrent.locks.LockSupport.park(LockSupport.java:175)
	at java.util.concurrent.locks.AbstractQueuedSynchronizer$ConditionObject.await(AbstractQueuedSynchronizer.java:2039)
	at java.util.concurrent.ScheduledThreadPoolExecutor$DelayedWorkQueue.take(ScheduledThreadPoolExecutor.java:1088)
	at java.util.concurrent.ScheduledThreadPoolExecutor$DelayedWorkQueue.take(ScheduledThreadPoolExecutor.java:809)
	at java.util.concurrent.ThreadPoolExecutor.getTask(ThreadPoolExecutor.java:1074)
	at java.util.concurrent.ThreadPoolExecutor.runWorker(ThreadPoolExecutor.java:1134)
	at java.util.concurrent.ThreadPoolExecutor$Worker.run(ThreadPoolExecutor.java:624)
	at java.lang.Thread.run(Thread.java:748)
	at org.jboss.threads.JBossThread.run(JBossThread.java:485)

"Attach Listener" #154 daemon prio=9 os_prio=0 tid=0x0000000002cfb800 nid=0xb1c waiting on condition [0x0000000000000000]
   java.lang.Thread.State: RUNNABLE

"ServerService Thread Pool -- 74" #153 prio=5 os_prio=0 tid=0x00000000067f5f40 nid=0xb09 waiting on condition [0x00007fc769cb8000]
   java.lang.Thread.State: TIMED_WAITING (parking)
	at sun.misc.Unsafe.park(Native Method)
	- parking to wait for  <0x00000000db7aa298> (a java.util.concurrent.locks.AbstractQueuedSynchronizer$ConditionObject)
	at java.util.concurrent.locks.LockSupport.parkNanos(LockSupport.java:215)
	at java.util.concurrent.locks.AbstractQueuedSynchronizer$ConditionObject.awaitNanos(AbstractQueuedSynchronizer.java:2078)
	at java.util.concurrent.ScheduledThreadPoolExecutor$DelayedWorkQueue.take(ScheduledThreadPoolExecutor.java:1093)
	at java.util.concurrent.ScheduledThreadPoolExecutor$DelayedWorkQueue.take(ScheduledThreadPoolExecutor.java:809)
	at java.util.concurrent.ThreadPoolExecutor.getTask(ThreadPoolExecutor.java:1074)
	at java.util.concurrent.ThreadPoolExecutor.runWorker(ThreadPoolExecutor.java:1134)
	at java.util.concurrent.ThreadPoolExecutor$Worker.run(ThreadPoolExecutor.java:624)
	at java.lang.Thread.run(Thread.java:748)
	at org.jboss.threads.JBossThread.run(JBossThread.java:485)

"Weld Thread Pool -- 9" #144 prio=5 os_prio=0 tid=0x0000000003472cb0 nid=0xafd waiting on condition [0x00007fc76a2bc000]
   java.lang.Thread.State: WAITING (parking)
	at sun.misc.Unsafe.park(Native Method)
	- parking to wait for  <0x00000000db7aa528> (a java.util.concurrent.locks.AbstractQueuedSynchronizer$ConditionObject)
	at java.util.concurrent.locks.LockSupport.park(LockSupport.java:175)
	at java.util.concurrent.locks.AbstractQueuedSynchronizer$ConditionObject.await(AbstractQueuedSynchronizer.java:2039)
	at java.util.concurrent.LinkedBlockingQueue.take(LinkedBlockingQueue.java:442)
	at java.util.concurrent.ThreadPoolExecutor.getTask(ThreadPoolExecutor.java:1074)
	at java.util.concurrent.ThreadPoolExecutor.runWorker(ThreadPoolExecutor.java:1134)
	at java.util.concurrent.ThreadPoolExecutor$Worker.run(ThreadPoolExecutor.java:624)
	at java.lang.Thread.run(Thread.java:748)
	at org.jboss.threads.JBossThread.run(JBossThread.java:485)

"Weld Thread Pool -- 8" #143 prio=5 os_prio=0 tid=0x0000000003471220 nid=0xafc waiting on condition [0x00007fc76a3bd000]
   java.lang.Thread.State: WAITING (parking)
	at sun.misc.Unsafe.park(Native Method)
	- parking to wait for  <0x00000000db7aa528> (a java.util.concurrent.locks.AbstractQueuedSynchronizer$ConditionObject)
	at java.util.concurrent.locks.LockSupport.park(LockSupport.java:175)
	at java.util.concurrent.locks.AbstractQueuedSynchronizer$ConditionObject.await(AbstractQueuedSynchronizer.java:2039)
	at java.util.concurrent.LinkedBlockingQueue.take(LinkedBlockingQueue.java:442)
	at java.util.concurrent.ThreadPoolExecutor.getTask(ThreadPoolExecutor.java:1074)
	at java.util.concurrent.ThreadPoolExecutor.runWorker(ThreadPoolExecutor.java:1134)
	at java.util.concurrent.ThreadPoolExecutor$Worker.run(ThreadPoolExecutor.java:624)
	at java.lang.Thread.run(Thread.java:748)
	at org.jboss.threads.JBossThread.run(JBossThread.java:485)

"Weld Thread Pool -- 7" #142 prio=5 os_prio=0 tid=0x000000000346f780 nid=0xafb waiting on condition [0x00007fc76a4be000]
   java.lang.Thread.State: WAITING (parking)
	at sun.misc.Unsafe.park(Native Method)
	- parking to wait for  <0x00000000db7aa528> (a java.util.concurrent.locks.AbstractQueuedSynchronizer$ConditionObject)
	at java.util.concurrent.locks.LockSupport.park(LockSupport.java:175)
	at java.util.concurrent.locks.AbstractQueuedSynchronizer$ConditionObject.await(AbstractQueuedSynchronizer.java:2039)
	at java.util.concurrent.LinkedBlockingQueue.take(LinkedBlockingQueue.java:442)
	at java.util.concurrent.ThreadPoolExecutor.getTask(ThreadPoolExecutor.java:1074)
	at java.util.concurrent.ThreadPoolExecutor.runWorker(ThreadPoolExecutor.java:1134)
	at java.util.concurrent.ThreadPoolExecutor$Worker.run(ThreadPoolExecutor.java:624)
	at java.lang.Thread.run(Thread.java:748)
	at org.jboss.threads.JBossThread.run(JBossThread.java:485)

"Weld Thread Pool -- 6" #141 prio=5 os_prio=0 tid=0x0000000005ed2f70 nid=0xafa waiting on condition [0x00007fc76a5bf000]
   java.lang.Thread.State: WAITING (parking)
	at sun.misc.Unsafe.park(Native Method)
	- parking to wait for  <0x00000000db7aa528> (a java.util.concurrent.locks.AbstractQueuedSynchronizer$ConditionObject)
	at java.util.concurrent.locks.LockSupport.park(LockSupport.java:175)
	at java.util.concurrent.locks.AbstractQueuedSynchronizer$ConditionObject.await(AbstractQueuedSynchronizer.java:2039)
	at java.util.concurrent.LinkedBlockingQueue.take(LinkedBlockingQueue.java:442)
	at java.util.concurrent.ThreadPoolExecutor.getTask(ThreadPoolExecutor.java:1074)
	at java.util.concurrent.ThreadPoolExecutor.runWorker(ThreadPoolExecutor.java:1134)
	at java.util.concurrent.ThreadPoolExecutor$Worker.run(ThreadPoolExecutor.java:624)
	at java.lang.Thread.run(Thread.java:748)
	at org.jboss.threads.JBossThread.run(JBossThread.java:485)

"Weld Thread Pool -- 5" #140 prio=5 os_prio=0 tid=0x0000000005ecec70 nid=0xaf9 waiting on condition [0x00007fc76a6c0000]
   java.lang.Thread.State: WAITING (parking)
	at sun.misc.Unsafe.park(Native Method)
	- parking to wait for  <0x00000000db7aa528> (a java.util.concurrent.locks.AbstractQueuedSynchronizer$ConditionObject)
	at java.util.concurrent.locks.LockSupport.park(LockSupport.java:175)
	at java.util.concurrent.locks.AbstractQueuedSynchronizer$ConditionObject.await(AbstractQueuedSynchronizer.java:2039)
	at java.util.concurrent.LinkedBlockingQueue.take(LinkedBlockingQueue.java:442)
	at java.util.concurrent.ThreadPoolExecutor.getTask(ThreadPoolExecutor.java:1074)
	at java.util.concurrent.ThreadPoolExecutor.runWorker(ThreadPoolExecutor.java:1134)
	at java.util.concurrent.ThreadPoolExecutor$Worker.run(ThreadPoolExecutor.java:624)
	at java.lang.Thread.run(Thread.java:748)
	at org.jboss.threads.JBossThread.run(JBossThread.java:485)

"Weld Thread Pool -- 4" #139 prio=5 os_prio=0 tid=0x0000000005ecd1f0 nid=0xaf8 waiting on condition [0x00007fc76a7c1000]
   java.lang.Thread.State: WAITING (parking)
	at sun.misc.Unsafe.park(Native Method)
	- parking to wait for  <0x00000000db7aa528> (a java.util.concurrent.locks.AbstractQueuedSynchronizer$ConditionObject)
	at java.util.concurrent.locks.LockSupport.park(LockSupport.java:175)
	at java.util.concurrent.locks.AbstractQueuedSynchronizer$ConditionObject.await(AbstractQueuedSynchronizer.java:2039)
	at java.util.concurrent.LinkedBlockingQueue.take(LinkedBlockingQueue.java:442)
	at java.util.concurrent.ThreadPoolExecutor.getTask(ThreadPoolExecutor.java:1074)
	at java.util.concurrent.ThreadPoolExecutor.runWorker(ThreadPoolExecutor.java:1134)
	at java.util.concurrent.ThreadPoolExecutor$Worker.run(ThreadPoolExecutor.java:624)
	at java.lang.Thread.run(Thread.java:748)
	at org.jboss.threads.JBossThread.run(JBossThread.java:485)

"Weld Thread Pool -- 3" #138 prio=5 os_prio=0 tid=0x0000000005edb010 nid=0xaf7 waiting on condition [0x00007fc76a8c2000]
   java.lang.Thread.State: WAITING (parking)
	at sun.misc.Unsafe.park(Native Method)
	- parking to wait for  <0x00000000db7aa528> (a java.util.concurrent.locks.AbstractQueuedSynchronizer$ConditionObject)
	at java.util.concurrent.locks.LockSupport.park(LockSupport.java:175)
	at java.util.concurrent.locks.AbstractQueuedSynchronizer$ConditionObject.await(AbstractQueuedSynchronizer.java:2039)
	at java.util.concurrent.LinkedBlockingQueue.take(LinkedBlockingQueue.java:442)
	at java.util.concurrent.ThreadPoolExecutor.getTask(ThreadPoolExecutor.java:1074)
	at java.util.concurrent.ThreadPoolExecutor.runWorker(ThreadPoolExecutor.java:1134)
	at java.util.concurrent.ThreadPoolExecutor$Worker.run(ThreadPoolExecutor.java:624)
	at java.lang.Thread.run(Thread.java:748)
	at org.jboss.threads.JBossThread.run(JBossThread.java:485)

"Weld Thread Pool -- 2" #137 prio=5 os_prio=0 tid=0x0000000005ed97c0 nid=0xaf6 waiting on condition [0x00007fc76a9c3000]
   java.lang.Thread.State: WAITING (parking)
	at sun.misc.Unsafe.park(Native Method)
	- parking to wait for  <0x00000000db7aa528> (a java.util.concurrent.locks.AbstractQueuedSynchronizer$ConditionObject)
	at java.util.concurrent.locks.LockSupport.park(LockSupport.java:175)
	at java.util.concurrent.locks.AbstractQueuedSynchronizer$ConditionObject.await(AbstractQueuedSynchronizer.java:2039)
	at java.util.concurrent.LinkedBlockingQueue.take(LinkedBlockingQueue.java:442)
	at java.util.concurrent.ThreadPoolExecutor.getTask(ThreadPoolExecutor.java:1074)
	at java.util.concurrent.ThreadPoolExecutor.runWorker(ThreadPoolExecutor.java:1134)
	at java.util.concurrent.ThreadPoolExecutor$Worker.run(ThreadPoolExecutor.java:624)
	at java.lang.Thread.run(Thread.java:748)
	at org.jboss.threads.JBossThread.run(JBossThread.java:485)

"Weld Thread Pool -- 1" #136 prio=5 os_prio=0 tid=0x0000000005ed77a0 nid=0xaf5 waiting on condition [0x00007fc76aac4000]
   java.lang.Thread.State: WAITING (parking)
	at sun.misc.Unsafe.park(Native Method)
	- parking to wait for  <0x00000000db7aa528> (a java.util.concurrent.locks.AbstractQueuedSynchronizer$ConditionObject)
	at java.util.concurrent.locks.LockSupport.park(LockSupport.java:175)
	at java.util.concurrent.locks.AbstractQueuedSynchronizer$ConditionObject.await(AbstractQueuedSynchronizer.java:2039)
	at java.util.concurrent.LinkedBlockingQueue.take(LinkedBlockingQueue.java:442)
	at java.util.concurrent.ThreadPoolExecutor.getTask(ThreadPoolExecutor.java:1074)
	at java.util.concurrent.ThreadPoolExecutor.runWorker(ThreadPoolExecutor.java:1134)
	at java.util.concurrent.ThreadPoolExecutor$Worker.run(ThreadPoolExecutor.java:624)
	at java.lang.Thread.run(Thread.java:748)
	at org.jboss.threads.JBossThread.run(JBossThread.java:485)

"expiration-thread--p4-t1" #135 daemon prio=1 os_prio=0 tid=0x0000000005095af0 nid=0xaf4 waiting on condition [0x00007fc76abc5000]
   java.lang.Thread.State: TIMED_WAITING (parking)
	at sun.misc.Unsafe.park(Native Method)
	- parking to wait for  <0x00000000db7aab38> (a java.util.concurrent.locks.AbstractQueuedSynchronizer$ConditionObject)
	at java.util.concurrent.locks.LockSupport.parkNanos(LockSupport.java:215)
	at java.util.concurrent.locks.AbstractQueuedSynchronizer$ConditionObject.awaitNanos(AbstractQueuedSynchronizer.java:2078)
	at java.util.concurrent.ScheduledThreadPoolExecutor$DelayedWorkQueue.take(ScheduledThreadPoolExecutor.java:1093)
	at java.util.concurrent.ScheduledThreadPoolExecutor$DelayedWorkQueue.take(ScheduledThreadPoolExecutor.java:809)
	at java.util.concurrent.ThreadPoolExecutor.getTask(ThreadPoolExecutor.java:1074)
	at java.util.concurrent.ThreadPoolExecutor.runWorker(ThreadPoolExecutor.java:1134)
	at java.util.concurrent.ThreadPoolExecutor$Worker.run(ThreadPoolExecutor.java:624)
	at org.wildfly.clustering.service.concurrent.ClassLoaderThreadFactory.lambda$newThread$0(ClassLoaderThreadFactory.java:47)
	at org.wildfly.clustering.service.concurrent.ClassLoaderThreadFactory$$Lambda$711/1132147963.run(Unknown Source)
	at java.lang.Thread.run(Thread.java:748)

"Timer-2" #131 daemon prio=5 os_prio=0 tid=0x0000000007ef1350 nid=0xaee in Object.wait() [0x00007fc76b9f1000]
   java.lang.Thread.State: TIMED_WAITING (on object monitor)
	at java.lang.Object.wait(Native Method)
	- waiting on <0x00000000db7adec8> (a java.util.TaskQueue)
	at java.util.TimerThread.mainLoop(Timer.java:552)
	- locked <0x00000000db7adec8> (a java.util.TaskQueue)
	at java.util.TimerThread.run(Timer.java:505)

"jaeger.RemoteReporter-FlushTimer" #130 daemon prio=5 os_prio=0 tid=0x0000000003db7190 nid=0xaed in Object.wait() [0x00007fc76baf2000]
   java.lang.Thread.State: TIMED_WAITING (on object monitor)
	at java.lang.Object.wait(Native Method)
	at java.util.TimerThread.mainLoop(Timer.java:552)
	- locked <0x00000000db7adef0> (a java.util.TaskQueue)
	at java.util.TimerThread.run(Timer.java:505)

"jaeger.RemoteReporter-QueueProcessor" #129 daemon prio=5 os_prio=0 tid=0x0000000003b2c6e0 nid=0xaec waiting on condition [0x00007fc76bbf3000]
   java.lang.Thread.State: WAITING (parking)
	at sun.misc.Unsafe.park(Native Method)
	- parking to wait for  <0x00000000db7aade8> (a java.util.concurrent.locks.AbstractQueuedSynchronizer$ConditionObject)
	at java.util.concurrent.locks.LockSupport.park(LockSupport.java:175)
	at java.util.concurrent.locks.AbstractQueuedSynchronizer$ConditionObject.await(AbstractQueuedSynchronizer.java:2039)
	at java.util.concurrent.ArrayBlockingQueue.take(ArrayBlockingQueue.java:403)
	at io.jaegertracing.internal.reporters.RemoteReporter$QueueProcessor.run(RemoteReporter.java:173)
	at java.lang.Thread.run(Thread.java:748)

"Transaction Reaper Worker 0" #128 daemon prio=5 os_prio=0 tid=0x0000000007ae6b40 nid=0xacf in Object.wait() [0x00007fc76ca2a000]
   java.lang.Thread.State: WAITING (on object monitor)
	at java.lang.Object.wait(Native Method)
	- waiting on <0x00000000db7adea8> (a java.util.LinkedList)
	at java.lang.Object.wait(Object.java:502)
	at com.arjuna.ats.arjuna.coordinator.TransactionReaper.waitForCancellations(TransactionReaper.java:328)
	- locked <0x00000000db7adea8> (a java.util.LinkedList)
	at com.arjuna.ats.internal.arjuna.coordinator.ReaperWorkerThread.run(ReaperWorkerThread.java:65)

"Transaction Reaper" #127 daemon prio=5 os_prio=0 tid=0x0000000007ae8900 nid=0xace in Object.wait() [0x00007fc76cb2b000]
   java.lang.Thread.State: TIMED_WAITING (on object monitor)
	at java.lang.Object.wait(Native Method)
	- waiting on <0x00000000db718c00> (a com.arjuna.ats.arjuna.coordinator.TransactionReaper)
	at com.arjuna.ats.internal.arjuna.coordinator.ReaperThread.run(ReaperThread.java:90)
	- locked <0x00000000db718c00> (a com.arjuna.ats.arjuna.coordinator.TransactionReaper)

"Periodic Recovery" #125 prio=5 os_prio=0 tid=0x00000000071920e0 nid=0xacd in Object.wait() [0x00007fc76cc2c000]
   java.lang.Thread.State: TIMED_WAITING (on object monitor)
	at java.lang.Object.wait(Native Method)
	- waiting on <0x00000000db7ade98> (a java.lang.Object)
	at com.arjuna.ats.internal.arjuna.recovery.PeriodicRecovery.doPeriodicWait(PeriodicRecovery.java:683)
	at com.arjuna.ats.internal.arjuna.recovery.PeriodicRecovery.run(PeriodicRecovery.java:403)
	- locked <0x00000000db7ade98> (a java.lang.Object)

"Transaction Expired Entry Monitor" #126 daemon prio=5 os_prio=0 tid=0x0000000007940770 nid=0xacc in Object.wait() [0x00007fc76cd2d000]
   java.lang.Thread.State: TIMED_WAITING (on object monitor)
	at java.lang.Object.wait(Native Method)
	- waiting on <0x00000000db718c40> (a com.arjuna.ats.internal.arjuna.recovery.ExpiredEntryMonitor)
	at com.arjuna.ats.internal.arjuna.recovery.ExpiredEntryMonitor.run(ExpiredEntryMonitor.java:190)
	- locked <0x00000000db718c40> (a com.arjuna.ats.internal.arjuna.recovery.ExpiredEntryMonitor)

"XNIO-1 Accept" #124 daemon prio=5 os_prio=0 tid=0x00000000069296b0 nid=0xaba runnable [0x00007fc76d063000]
   java.lang.Thread.State: RUNNABLE
	at sun.nio.ch.EPollArrayWrapper.epollWait(Native Method)
	at sun.nio.ch.EPollArrayWrapper.poll(EPollArrayWrapper.java:269)
	at sun.nio.ch.EPollSelectorImpl.doSelect(EPollSelectorImpl.java:93)
	at sun.nio.ch.SelectorImpl.lockAndDoSelect(SelectorImpl.java:86)
	- locked <0x00000000db718fe8> (a sun.nio.ch.Util$3)
	- locked <0x00000000db718ff8> (a java.util.Collections$UnmodifiableSet)
	- locked <0x00000000db718fa0> (a sun.nio.ch.EPollSelectorImpl)
	at sun.nio.ch.SelectorImpl.select(SelectorImpl.java:97)
	at sun.nio.ch.SelectorImpl.select(SelectorImpl.java:101)
	at org.xnio.nio.WorkerThread.run(WorkerThread.java:532)

"XNIO-1 I/O-1" #123 daemon prio=5 os_prio=0 tid=0x00000000068f7c70 nid=0xab9 runnable [0x00007fc76d164000]
   java.lang.Thread.State: RUNNABLE
	at sun.nio.ch.EPollArrayWrapper.epollWait(Native Method)
	at sun.nio.ch.EPollArrayWrapper.poll(EPollArrayWrapper.java:269)
	at sun.nio.ch.EPollSelectorImpl.doSelect(EPollSelectorImpl.java:93)
	at sun.nio.ch.SelectorImpl.lockAndDoSelect(SelectorImpl.java:86)
	- locked <0x00000000db580960> (a sun.nio.ch.Util$3)
	- locked <0x00000000db580970> (a java.util.Collections$UnmodifiableSet)
	- locked <0x00000000db580918> (a sun.nio.ch.EPollSelectorImpl)
	at sun.nio.ch.SelectorImpl.select(SelectorImpl.java:97)
	at sun.nio.ch.SelectorImpl.select(SelectorImpl.java:101)
	at org.xnio.nio.WorkerThread.run(WorkerThread.java:532)

"Timer-1" #122 prio=5 os_prio=0 tid=0x00000000076f9b60 nid=0xab7 in Object.wait() [0x00007fc76d465000]
   java.lang.Thread.State: WAITING (on object monitor)
	at java.lang.Object.wait(Native Method)
	- waiting on <0x00000000db719210> (a java.util.TaskQueue)
	at java.lang.Object.wait(Object.java:502)
	at java.util.TimerThread.mainLoop(Timer.java:526)
	- locked <0x00000000db719210> (a java.util.TaskQueue)
	at java.util.TimerThread.run(Timer.java:505)

"default Accept" #119 prio=5 os_prio=0 tid=0x00000000074f89b0 nid=0xab6 runnable [0x00007fc76dcb0000]
   java.lang.Thread.State: RUNNABLE
	at sun.nio.ch.EPollArrayWrapper.epollWait(Native Method)
	at sun.nio.ch.EPollArrayWrapper.poll(EPollArrayWrapper.java:269)
	at sun.nio.ch.EPollSelectorImpl.doSelect(EPollSelectorImpl.java:93)
	at sun.nio.ch.SelectorImpl.lockAndDoSelect(SelectorImpl.java:86)
	- locked <0x00000000db7ab080> (a sun.nio.ch.Util$3)
	- locked <0x00000000db7ab090> (a java.util.Collections$UnmodifiableSet)
	- locked <0x00000000db7ab038> (a sun.nio.ch.EPollSelectorImpl)
	at sun.nio.ch.SelectorImpl.select(SelectorImpl.java:97)
	at sun.nio.ch.SelectorImpl.select(SelectorImpl.java:101)
	at org.xnio.nio.WorkerThread.run(WorkerThread.java:532)

"IdleRemover" #121 daemon prio=5 os_prio=0 tid=0x000000000755dd30 nid=0xab5 waiting on condition [0x00007fc76ddb1000]
   java.lang.Thread.State: TIMED_WAITING (parking)
	at sun.misc.Unsafe.park(Native Method)
	- parking to wait for  <0x00000000db580b80> (a java.util.concurrent.locks.AbstractQueuedSynchronizer$ConditionObject)
	at java.util.concurrent.locks.LockSupport.parkNanos(LockSupport.java:215)
	at java.util.concurrent.locks.AbstractQueuedSynchronizer$ConditionObject.await(AbstractQueuedSynchronizer.java:2163)
	at org.jboss.jca.core.connectionmanager.pool.idle.IdleRemover$IdleRemoverRunner.run(IdleRemover.java:261)
	at java.util.concurrent.ThreadPoolExecutor.runWorker(ThreadPoolExecutor.java:1149)
	at java.util.concurrent.ThreadPoolExecutor$Worker.run(ThreadPoolExecutor.java:624)
	at java.lang.Thread.run(Thread.java:748)

"default I/O-16" #118 prio=5 os_prio=0 tid=0x0000000007a522f0 nid=0xab4 runnable [0x00007fc76deb2000]
   java.lang.Thread.State: RUNNABLE
	at sun.nio.ch.EPollArrayWrapper.epollWait(Native Method)
	at sun.nio.ch.EPollArrayWrapper.poll(EPollArrayWrapper.java:269)
	at sun.nio.ch.EPollSelectorImpl.doSelect(EPollSelectorImpl.java:93)
	at sun.nio.ch.SelectorImpl.lockAndDoSelect(SelectorImpl.java:86)
	- locked <0x00000000db719450> (a sun.nio.ch.Util$3)
	- locked <0x00000000db719460> (a java.util.Collections$UnmodifiableSet)
	- locked <0x00000000db719408> (a sun.nio.ch.EPollSelectorImpl)
	at sun.nio.ch.SelectorImpl.select(SelectorImpl.java:97)
	at sun.nio.ch.SelectorImpl.select(SelectorImpl.java:101)
	at org.xnio.nio.WorkerThread.run(WorkerThread.java:532)

"management Accept" #104 prio=5 os_prio=0 tid=0x000000000761e5b0 nid=0xab3 runnable [0x00007fc76dfb3000]
   java.lang.Thread.State: RUNNABLE
	at sun.nio.ch.EPollArrayWrapper.epollWait(Native Method)
	at sun.nio.ch.EPollArrayWrapper.poll(EPollArrayWrapper.java:269)
	at sun.nio.ch.EPollSelectorImpl.doSelect(EPollSelectorImpl.java:93)
	at sun.nio.ch.SelectorImpl.lockAndDoSelect(SelectorImpl.java:86)
	- locked <0x00000000db719720> (a sun.nio.ch.Util$3)
	- locked <0x00000000db719730> (a java.util.Collections$UnmodifiableSet)
	- locked <0x00000000db7196d8> (a sun.nio.ch.EPollSelectorImpl)
	at sun.nio.ch.SelectorImpl.select(SelectorImpl.java:97)
	at sun.nio.ch.SelectorImpl.select(SelectorImpl.java:101)
	at org.xnio.nio.WorkerThread.run(WorkerThread.java:532)

"ConnectionValidator" #120 daemon prio=5 os_prio=0 tid=0x000000000761eda0 nid=0xab2 waiting on condition [0x00007fc76e0b4000]
   java.lang.Thread.State: TIMED_WAITING (parking)
	at sun.misc.Unsafe.park(Native Method)
	- parking to wait for  <0x00000000db7ab2a0> (a java.util.concurrent.locks.AbstractQueuedSynchronizer$ConditionObject)
	at java.util.concurrent.locks.LockSupport.parkNanos(LockSupport.java:215)
	at java.util.concurrent.locks.AbstractQueuedSynchronizer$ConditionObject.await(AbstractQueuedSynchronizer.java:2163)
	at org.jboss.jca.core.connectionmanager.pool.validator.ConnectionValidator$ConnectionValidatorRunner.run(ConnectionValidator.java:263)
	at java.util.concurrent.ThreadPoolExecutor.runWorker(ThreadPoolExecutor.java:1149)
	at java.util.concurrent.ThreadPoolExecutor$Worker.run(ThreadPoolExecutor.java:624)
	at java.lang.Thread.run(Thread.java:748)

"default I/O-15" #117 prio=5 os_prio=0 tid=0x0000000007901e40 nid=0xab1 runnable [0x00007fc76e1b5000]
   java.lang.Thread.State: RUNNABLE
	at sun.nio.ch.EPollArrayWrapper.epollWait(Native Method)
	at sun.nio.ch.EPollArrayWrapper.poll(EPollArrayWrapper.java:269)
	at sun.nio.ch.EPollSelectorImpl.doSelect(EPollSelectorImpl.java:93)
	at sun.nio.ch.SelectorImpl.lockAndDoSelect(SelectorImpl.java:86)
	- locked <0x00000000db7199f0> (a sun.nio.ch.Util$3)
	- locked <0x00000000db719a00> (a java.util.Collections$UnmodifiableSet)
	- locked <0x00000000db7199a8> (a sun.nio.ch.EPollSelectorImpl)
	at sun.nio.ch.SelectorImpl.select(SelectorImpl.java:97)
	at sun.nio.ch.SelectorImpl.select(SelectorImpl.java:101)
	at org.xnio.nio.WorkerThread.run(WorkerThread.java:532)

"default I/O-14" #116 prio=5 os_prio=0 tid=0x00000000078fb240 nid=0xab0 runnable [0x00007fc76e2b6000]
   java.lang.Thread.State: RUNNABLE
	at sun.nio.ch.EPollArrayWrapper.epollWait(Native Method)
	at sun.nio.ch.EPollArrayWrapper.poll(EPollArrayWrapper.java:269)
	at sun.nio.ch.EPollSelectorImpl.doSelect(EPollSelectorImpl.java:93)
	at sun.nio.ch.SelectorImpl.lockAndDoSelect(SelectorImpl.java:86)
	- locked <0x00000000db580e70> (a sun.nio.ch.Util$3)
	- locked <0x00000000db580e80> (a java.util.Collections$UnmodifiableSet)
	- locked <0x00000000db580e28> (a sun.nio.ch.EPollSelectorImpl)
	at sun.nio.ch.SelectorImpl.select(SelectorImpl.java:97)
	at sun.nio.ch.SelectorImpl.select(SelectorImpl.java:101)
	at org.xnio.nio.WorkerThread.run(WorkerThread.java:532)

"management I/O-2" #102 prio=5 os_prio=0 tid=0x00000000067e96a0 nid=0xaaf runnable [0x00007fc76e3b7000]
   java.lang.Thread.State: RUNNABLE
	at sun.nio.ch.EPollArrayWrapper.epollWait(Native Method)
	at sun.nio.ch.EPollArrayWrapper.poll(EPollArrayWrapper.java:269)
	at sun.nio.ch.EPollSelectorImpl.doSelect(EPollSelectorImpl.java:93)
	at sun.nio.ch.SelectorImpl.lockAndDoSelect(SelectorImpl.java:86)
	- locked <0x00000000db7ab608> (a sun.nio.ch.Util$3)
	- locked <0x00000000db7ab618> (a java.util.Collections$UnmodifiableSet)
	- locked <0x00000000db7ab5c0> (a sun.nio.ch.EPollSelectorImpl)
	at sun.nio.ch.SelectorImpl.select(SelectorImpl.java:97)
	at sun.nio.ch.SelectorImpl.select(SelectorImpl.java:101)
	at org.xnio.nio.WorkerThread.run(WorkerThread.java:532)

"management I/O-1" #100 prio=5 os_prio=0 tid=0x0000000006f9be10 nid=0xaae runnable [0x00007fc76e4b8000]
   java.lang.Thread.State: RUNNABLE
	at sun.nio.ch.EPollArrayWrapper.epollWait(Native Method)
	at sun.nio.ch.EPollArrayWrapper.poll(EPollArrayWrapper.java:269)
	at sun.nio.ch.EPollSelectorImpl.doSelect(EPollSelectorImpl.java:93)
	at sun.nio.ch.SelectorImpl.lockAndDoSelect(SelectorImpl.java:86)
	- locked <0x00000000db719cc0> (a sun.nio.ch.Util$3)
	- locked <0x00000000db719cd0> (a java.util.Collections$UnmodifiableSet)
	- locked <0x00000000db719c78> (a sun.nio.ch.EPollSelectorImpl)
	at sun.nio.ch.SelectorImpl.select(SelectorImpl.java:97)
	at sun.nio.ch.SelectorImpl.select(SelectorImpl.java:101)
	at org.xnio.nio.WorkerThread.run(WorkerThread.java:532)

"default I/O-13" #115 prio=5 os_prio=0 tid=0x0000000006f9aa80 nid=0xaad runnable [0x00007fc76e5b9000]
   java.lang.Thread.State: RUNNABLE
	at sun.nio.ch.EPollArrayWrapper.epollWait(Native Method)
	at sun.nio.ch.EPollArrayWrapper.poll(EPollArrayWrapper.java:269)
	at sun.nio.ch.EPollSelectorImpl.doSelect(EPollSelectorImpl.java:93)
	at sun.nio.ch.SelectorImpl.lockAndDoSelect(SelectorImpl.java:86)
	- locked <0x00000000db581140> (a sun.nio.ch.Util$3)
	- locked <0x00000000db581150> (a java.util.Collections$UnmodifiableSet)
	- locked <0x00000000db5810f8> (a sun.nio.ch.EPollSelectorImpl)
	at sun.nio.ch.SelectorImpl.select(SelectorImpl.java:97)
	at sun.nio.ch.SelectorImpl.select(SelectorImpl.java:101)
	at org.xnio.nio.WorkerThread.run(WorkerThread.java:532)

"default I/O-12" #114 prio=5 os_prio=0 tid=0x0000000006ee3300 nid=0xaac runnable [0x00007fc76e6ba000]
   java.lang.Thread.State: RUNNABLE
	at sun.nio.ch.EPollArrayWrapper.epollWait(Native Method)
	at sun.nio.ch.EPollArrayWrapper.poll(EPollArrayWrapper.java:269)
	at sun.nio.ch.EPollSelectorImpl.doSelect(EPollSelectorImpl.java:93)
	at sun.nio.ch.SelectorImpl.lockAndDoSelect(SelectorImpl.java:86)
	- locked <0x00000000db7ab8d8> (a sun.nio.ch.Util$3)
	- locked <0x00000000db7ab8e8> (a java.util.Collections$UnmodifiableSet)
	- locked <0x00000000db7ab890> (a sun.nio.ch.EPollSelectorImpl)
	at sun.nio.ch.SelectorImpl.select(SelectorImpl.java:97)
	at sun.nio.ch.SelectorImpl.select(SelectorImpl.java:101)
	at org.xnio.nio.WorkerThread.run(WorkerThread.java:532)

"default I/O-11" #113 prio=5 os_prio=0 tid=0x0000000002f700c0 nid=0xaab runnable [0x00007fc76e7bb000]
   java.lang.Thread.State: RUNNABLE
	at sun.nio.ch.EPollArrayWrapper.epollWait(Native Method)
	at sun.nio.ch.EPollArrayWrapper.poll(EPollArrayWrapper.java:269)
	at sun.nio.ch.EPollSelectorImpl.doSelect(EPollSelectorImpl.java:93)
	at sun.nio.ch.SelectorImpl.lockAndDoSelect(SelectorImpl.java:86)
	- locked <0x00000000db719f90> (a sun.nio.ch.Util$3)
	- locked <0x00000000db719fa0> (a java.util.Collections$UnmodifiableSet)
	- locked <0x00000000db719f48> (a sun.nio.ch.EPollSelectorImpl)
	at sun.nio.ch.SelectorImpl.select(SelectorImpl.java:97)
	at sun.nio.ch.SelectorImpl.select(SelectorImpl.java:101)
	at org.xnio.nio.WorkerThread.run(WorkerThread.java:532)

"default I/O-10" #112 prio=5 os_prio=0 tid=0x0000000006da5260 nid=0xaaa runnable [0x00007fc76e8bc000]
   java.lang.Thread.State: RUNNABLE
	at sun.nio.ch.EPollArrayWrapper.epollWait(Native Method)
	at sun.nio.ch.EPollArrayWrapper.poll(EPollArrayWrapper.java:269)
	at sun.nio.ch.EPollSelectorImpl.doSelect(EPollSelectorImpl.java:93)
	at sun.nio.ch.SelectorImpl.lockAndDoSelect(SelectorImpl.java:86)
	- locked <0x00000000db581410> (a sun.nio.ch.Util$3)
	- locked <0x00000000db581420> (a java.util.Collections$UnmodifiableSet)
	- locked <0x00000000db5813c8> (a sun.nio.ch.EPollSelectorImpl)
	at sun.nio.ch.SelectorImpl.select(SelectorImpl.java:97)
	at sun.nio.ch.SelectorImpl.select(SelectorImpl.java:101)
	at org.xnio.nio.WorkerThread.run(WorkerThread.java:532)

"default I/O-9" #111 prio=5 os_prio=0 tid=0x0000000006da3fb0 nid=0xaa9 runnable [0x00007fc76e9bd000]
   java.lang.Thread.State: RUNNABLE
	at sun.nio.ch.EPollArrayWrapper.epollWait(Native Method)
	at sun.nio.ch.EPollArrayWrapper.poll(EPollArrayWrapper.java:269)
	at sun.nio.ch.EPollSelectorImpl.doSelect(EPollSelectorImpl.java:93)
	at sun.nio.ch.SelectorImpl.lockAndDoSelect(SelectorImpl.java:86)
	- locked <0x00000000db7abba8> (a sun.nio.ch.Util$3)
	- locked <0x00000000db7abbb8> (a java.util.Collections$UnmodifiableSet)
	- locked <0x00000000db7abb60> (a sun.nio.ch.EPollSelectorImpl)
	at sun.nio.ch.SelectorImpl.select(SelectorImpl.java:97)
	at sun.nio.ch.SelectorImpl.select(SelectorImpl.java:101)
	at org.xnio.nio.WorkerThread.run(WorkerThread.java:532)

"default I/O-8" #110 prio=5 os_prio=0 tid=0x0000000006da2170 nid=0xaa8 runnable [0x00007fc76eabe000]
   java.lang.Thread.State: RUNNABLE
	at sun.nio.ch.EPollArrayWrapper.epollWait(Native Method)
	at sun.nio.ch.EPollArrayWrapper.poll(EPollArrayWrapper.java:269)
	at sun.nio.ch.EPollSelectorImpl.doSelect(EPollSelectorImpl.java:93)
	at sun.nio.ch.SelectorImpl.lockAndDoSelect(SelectorImpl.java:86)
	- locked <0x00000000db71a260> (a sun.nio.ch.Util$3)
	- locked <0x00000000db71a270> (a java.util.Collections$UnmodifiableSet)
	- locked <0x00000000db71a218> (a sun.nio.ch.EPollSelectorImpl)
	at sun.nio.ch.SelectorImpl.select(SelectorImpl.java:97)
	at sun.nio.ch.SelectorImpl.select(SelectorImpl.java:101)
	at org.xnio.nio.WorkerThread.run(WorkerThread.java:532)

"default I/O-7" #109 prio=5 os_prio=0 tid=0x0000000006c20dc0 nid=0xaa7 runnable [0x00007fc76ebbf000]
   java.lang.Thread.State: RUNNABLE
	at sun.nio.ch.EPollArrayWrapper.epollWait(Native Method)
	at sun.nio.ch.EPollArrayWrapper.poll(EPollArrayWrapper.java:269)
	at sun.nio.ch.EPollSelectorImpl.doSelect(EPollSelectorImpl.java:93)
	at sun.nio.ch.SelectorImpl.lockAndDoSelect(SelectorImpl.java:86)
	- locked <0x00000000db5816e0> (a sun.nio.ch.Util$3)
	- locked <0x00000000db5816f0> (a java.util.Collections$UnmodifiableSet)
	- locked <0x00000000db581698> (a sun.nio.ch.EPollSelectorImpl)
	at sun.nio.ch.SelectorImpl.select(SelectorImpl.java:97)
	at sun.nio.ch.SelectorImpl.select(SelectorImpl.java:101)
	at org.xnio.nio.WorkerThread.run(WorkerThread.java:532)

"default I/O-6" #108 prio=5 os_prio=0 tid=0x0000000006937830 nid=0xaa6 runnable [0x00007fc76ecc0000]
   java.lang.Thread.State: RUNNABLE
	at sun.nio.ch.EPollArrayWrapper.epollWait(Native Method)
	at sun.nio.ch.EPollArrayWrapper.poll(EPollArrayWrapper.java:269)
	at sun.nio.ch.EPollSelectorImpl.doSelect(EPollSelectorImpl.java:93)
	at sun.nio.ch.SelectorImpl.lockAndDoSelect(SelectorImpl.java:86)
	- locked <0x00000000db7abe78> (a sun.nio.ch.Util$3)
	- locked <0x00000000db7abe88> (a java.util.Collections$UnmodifiableSet)
	- locked <0x00000000db7abe30> (a sun.nio.ch.EPollSelectorImpl)
	at sun.nio.ch.SelectorImpl.select(SelectorImpl.java:97)
	at sun.nio.ch.SelectorImpl.select(SelectorImpl.java:101)
	at org.xnio.nio.WorkerThread.run(WorkerThread.java:532)

"default I/O-5" #107 prio=5 os_prio=0 tid=0x0000000006c1ed40 nid=0xaa5 runnable [0x00007fc76edc1000]
   java.lang.Thread.State: RUNNABLE
	at sun.nio.ch.EPollArrayWrapper.epollWait(Native Method)
	at sun.nio.ch.EPollArrayWrapper.poll(EPollArrayWrapper.java:269)
	at sun.nio.ch.EPollSelectorImpl.doSelect(EPollSelectorImpl.java:93)
	at sun.nio.ch.SelectorImpl.lockAndDoSelect(SelectorImpl.java:86)
	- locked <0x00000000db71a530> (a sun.nio.ch.Util$3)
	- locked <0x00000000db71a540> (a java.util.Collections$UnmodifiableSet)
	- locked <0x00000000db71a4e8> (a sun.nio.ch.EPollSelectorImpl)
	at sun.nio.ch.SelectorImpl.select(SelectorImpl.java:97)
	at sun.nio.ch.SelectorImpl.select(SelectorImpl.java:101)
	at org.xnio.nio.WorkerThread.run(WorkerThread.java:532)

"default I/O-4" #106 prio=5 os_prio=0 tid=0x00000000076202a0 nid=0xaa4 runnable [0x00007fc76eec2000]
   java.lang.Thread.State: RUNNABLE
	at sun.nio.ch.EPollArrayWrapper.epollWait(Native Method)
	at sun.nio.ch.EPollArrayWrapper.poll(EPollArrayWrapper.java:269)
	at sun.nio.ch.EPollSelectorImpl.doSelect(EPollSelectorImpl.java:93)
	at sun.nio.ch.SelectorImpl.lockAndDoSelect(SelectorImpl.java:86)
	- locked <0x00000000db5819b0> (a sun.nio.ch.Util$3)
	- locked <0x00000000db5819c0> (a java.util.Collections$UnmodifiableSet)
	- locked <0x00000000db581968> (a sun.nio.ch.EPollSelectorImpl)
	at sun.nio.ch.SelectorImpl.select(SelectorImpl.java:97)
	at sun.nio.ch.SelectorImpl.select(SelectorImpl.java:101)
	at org.xnio.nio.WorkerThread.run(WorkerThread.java:532)

"default I/O-3" #105 prio=5 os_prio=0 tid=0x0000000007093010 nid=0xaa3 runnable [0x00007fc76efc3000]
   java.lang.Thread.State: RUNNABLE
	at sun.nio.ch.EPollArrayWrapper.epollWait(Native Method)
	at sun.nio.ch.EPollArrayWrapper.poll(EPollArrayWrapper.java:269)
	at sun.nio.ch.EPollSelectorImpl.doSelect(EPollSelectorImpl.java:93)
	at sun.nio.ch.SelectorImpl.lockAndDoSelect(SelectorImpl.java:86)
	- locked <0x00000000db7ac148> (a sun.nio.ch.Util$3)
	- locked <0x00000000db7ac158> (a java.util.Collections$UnmodifiableSet)
	- locked <0x00000000db7ac100> (a sun.nio.ch.EPollSelectorImpl)
	at sun.nio.ch.SelectorImpl.select(SelectorImpl.java:97)
	at sun.nio.ch.SelectorImpl.select(SelectorImpl.java:101)
	at org.xnio.nio.WorkerThread.run(WorkerThread.java:532)

"default I/O-2" #103 prio=5 os_prio=0 tid=0x0000000007091bd0 nid=0xaa2 runnable [0x00007fc76f0c4000]
   java.lang.Thread.State: RUNNABLE
	at sun.nio.ch.EPollArrayWrapper.epollWait(Native Method)
	at sun.nio.ch.EPollArrayWrapper.poll(EPollArrayWrapper.java:269)
	at sun.nio.ch.EPollSelectorImpl.doSelect(EPollSelectorImpl.java:93)
	at sun.nio.ch.SelectorImpl.lockAndDoSelect(SelectorImpl.java:86)
	- locked <0x00000000db71a800> (a sun.nio.ch.Util$3)
	- locked <0x00000000db71a810> (a java.util.Collections$UnmodifiableSet)
	- locked <0x00000000db71a7b8> (a sun.nio.ch.EPollSelectorImpl)
	at sun.nio.ch.SelectorImpl.select(SelectorImpl.java:97)
	at sun.nio.ch.SelectorImpl.select(SelectorImpl.java:101)
	at org.xnio.nio.WorkerThread.run(WorkerThread.java:532)

"default I/O-1" #101 prio=5 os_prio=0 tid=0x0000000006f6b3a0 nid=0xaa1 runnable [0x00007fc76f1c5000]
   java.lang.Thread.State: RUNNABLE
	at sun.nio.ch.EPollArrayWrapper.epollWait(Native Method)
	at sun.nio.ch.EPollArrayWrapper.poll(EPollArrayWrapper.java:269)
	at sun.nio.ch.EPollSelectorImpl.doSelect(EPollSelectorImpl.java:93)
	at sun.nio.ch.SelectorImpl.lockAndDoSelect(SelectorImpl.java:86)
	- locked <0x00000000db7ac418> (a sun.nio.ch.Util$3)
	- locked <0x00000000db7ac428> (a java.util.Collections$UnmodifiableSet)
	- locked <0x00000000db7ac3d0> (a sun.nio.ch.EPollSelectorImpl)
	at sun.nio.ch.SelectorImpl.select(SelectorImpl.java:97)
	at sun.nio.ch.SelectorImpl.select(SelectorImpl.java:101)
	at org.xnio.nio.WorkerThread.run(WorkerThread.java:532)

"Timer-0" #98 prio=5 os_prio=0 tid=0x0000000006f6c340 nid=0xa9f in Object.wait() [0x00007fc76f7db000]
   java.lang.Thread.State: WAITING (on object monitor)
	at java.lang.Object.wait(Native Method)
	- waiting on <0x00000000db71aa28> (a java.util.TaskQueue)
	at java.lang.Object.wait(Object.java:502)
	at java.util.TimerThread.mainLoop(Timer.java:526)
	- locked <0x00000000db71aa28> (a java.util.TaskQueue)
	at java.util.TimerThread.run(Timer.java:505)

"ServerService Thread Pool -- 38" #65 prio=5 os_prio=0 tid=0x0000000006f21550 nid=0xa7e waiting on condition [0x00007fc7718fc000]
   java.lang.Thread.State: WAITING (parking)
	at sun.misc.Unsafe.park(Native Method)
	- parking to wait for  <0x00000000db7aa298> (a java.util.concurrent.locks.AbstractQueuedSynchronizer$ConditionObject)
	at java.util.concurrent.locks.LockSupport.park(LockSupport.java:175)
	at java.util.concurrent.locks.AbstractQueuedSynchronizer$ConditionObject.await(AbstractQueuedSynchronizer.java:2039)
	at java.util.concurrent.ScheduledThreadPoolExecutor$DelayedWorkQueue.take(ScheduledThreadPoolExecutor.java:1088)
	at java.util.concurrent.ScheduledThreadPoolExecutor$DelayedWorkQueue.take(ScheduledThreadPoolExecutor.java:809)
	at java.util.concurrent.ThreadPoolExecutor.getTask(ThreadPoolExecutor.java:1074)
	at java.util.concurrent.ThreadPoolExecutor.runWorker(ThreadPoolExecutor.java:1134)
	at java.util.concurrent.ThreadPoolExecutor$Worker.run(ThreadPoolExecutor.java:624)
	at java.lang.Thread.run(Thread.java:748)
	at org.jboss.threads.JBossThread.run(JBossThread.java:485)

"DeploymentScanner-threads - 2" #63 prio=5 os_prio=0 tid=0x0000000006c27730 nid=0xa7c waiting on condition [0x00007fc771afe000]
   java.lang.Thread.State: WAITING (parking)
	at sun.misc.Unsafe.park(Native Method)
	- parking to wait for  <0x00000000db581c00> (a java.util.concurrent.locks.AbstractQueuedSynchronizer$ConditionObject)
	at java.util.concurrent.locks.LockSupport.park(LockSupport.java:175)
	at java.util.concurrent.locks.AbstractQueuedSynchronizer$ConditionObject.await(AbstractQueuedSynchronizer.java:2039)
	at java.util.concurrent.ScheduledThreadPoolExecutor$DelayedWorkQueue.take(ScheduledThreadPoolExecutor.java:1088)
	at java.util.concurrent.ScheduledThreadPoolExecutor$DelayedWorkQueue.take(ScheduledThreadPoolExecutor.java:809)
	at java.util.concurrent.ThreadPoolExecutor.getTask(ThreadPoolExecutor.java:1074)
	at java.util.concurrent.ThreadPoolExecutor.runWorker(ThreadPoolExecutor.java:1134)
	at java.util.concurrent.ThreadPoolExecutor$Worker.run(ThreadPoolExecutor.java:624)
	at java.lang.Thread.run(Thread.java:748)
	at org.jboss.threads.JBossThread.run(JBossThread.java:485)

"DeploymentScanner-threads - 1" #62 prio=5 os_prio=0 tid=0x0000000006cf9a70 nid=0xa7b waiting on condition [0x00007fc771bff000]
   java.lang.Thread.State: TIMED_WAITING (parking)
	at sun.misc.Unsafe.park(Native Method)
	- parking to wait for  <0x00000000db581c00> (a java.util.concurrent.locks.AbstractQueuedSynchronizer$ConditionObject)
	at java.util.concurrent.locks.LockSupport.parkNanos(LockSupport.java:215)
	at java.util.concurrent.locks.AbstractQueuedSynchronizer$ConditionObject.awaitNanos(AbstractQueuedSynchronizer.java:2078)
	at java.util.concurrent.ScheduledThreadPoolExecutor$DelayedWorkQueue.take(ScheduledThreadPoolExecutor.java:1093)
	at java.util.concurrent.ScheduledThreadPoolExecutor$DelayedWorkQueue.take(ScheduledThreadPoolExecutor.java:809)
	at java.util.concurrent.ThreadPoolExecutor.getTask(ThreadPoolExecutor.java:1074)
	at java.util.concurrent.ThreadPoolExecutor.runWorker(ThreadPoolExecutor.java:1134)
	at java.util.concurrent.ThreadPoolExecutor$Worker.run(ThreadPoolExecutor.java:624)
	at java.lang.Thread.run(Thread.java:748)
	at org.jboss.threads.JBossThread.run(JBossThread.java:485)

"ServerService Thread Pool -- 2" #27 prio=5 os_prio=0 tid=0x0000000005b4a090 nid=0xa58 waiting on condition [0x00007fc775756000]
   java.lang.Thread.State: WAITING (parking)
	at sun.misc.Unsafe.park(Native Method)
	- parking to wait for  <0x00000000db1b8860> (a org.jboss.threads.EnhancedQueueExecutor)
	at java.util.concurrent.locks.LockSupport.park(LockSupport.java:175)
	at org.jboss.threads.EnhancedQueueExecutor$ThreadBody.run(EnhancedQueueExecutor.java:1409)
	at java.lang.Thread.run(Thread.java:748)
	at org.jboss.threads.JBossThread.run(JBossThread.java:485)

"ServerService Thread Pool -- 1" #26 prio=5 os_prio=0 tid=0x0000000005708090 nid=0xa57 waiting on condition [0x00007fc77537b000]
   java.lang.Thread.State: WAITING (parking)
	at sun.misc.Unsafe.park(Native Method)
	- parking to wait for  <0x00000000db7aa298> (a java.util.concurrent.locks.AbstractQueuedSynchronizer$ConditionObject)
	at java.util.concurrent.locks.LockSupport.park(LockSupport.java:175)
	at java.util.concurrent.locks.AbstractQueuedSynchronizer$ConditionObject.await(AbstractQueuedSynchronizer.java:2039)
	at java.util.concurrent.ScheduledThreadPoolExecutor$DelayedWorkQueue.take(ScheduledThreadPoolExecutor.java:1088)
	at java.util.concurrent.ScheduledThreadPoolExecutor$DelayedWorkQueue.take(ScheduledThreadPoolExecutor.java:809)
	at java.util.concurrent.ThreadPoolExecutor.getTask(ThreadPoolExecutor.java:1074)
	at java.util.concurrent.ThreadPoolExecutor.runWorker(ThreadPoolExecutor.java:1134)
	at java.util.concurrent.ThreadPoolExecutor$Worker.run(ThreadPoolExecutor.java:624)
	at java.lang.Thread.run(Thread.java:748)
	at org.jboss.threads.JBossThread.run(JBossThread.java:485)

"DestroyJavaVM" #25 prio=5 os_prio=0 tid=0x0000000001f15080 nid=0xa2b waiting on condition [0x0000000000000000]
   java.lang.Thread.State: RUNNABLE

"ServerDeploymentRepository-temp-threads - 1" #23 daemon prio=5 os_prio=0 tid=0x00000000050888f0 nid=0xa55 waiting on condition [0x00007fc775a57000]
   java.lang.Thread.State: WAITING (parking)
	at sun.misc.Unsafe.park(Native Method)
	- parking to wait for  <0x00000000db582150> (a java.util.concurrent.locks.AbstractQueuedSynchronizer$ConditionObject)
	at java.util.concurrent.locks.LockSupport.park(LockSupport.java:175)
	at java.util.concurrent.locks.AbstractQueuedSynchronizer$ConditionObject.await(AbstractQueuedSynchronizer.java:2039)
	at java.util.concurrent.ScheduledThreadPoolExecutor$DelayedWorkQueue.take(ScheduledThreadPoolExecutor.java:1081)
	at java.util.concurrent.ScheduledThreadPoolExecutor$DelayedWorkQueue.take(ScheduledThreadPoolExecutor.java:809)
	at java.util.concurrent.ThreadPoolExecutor.getTask(ThreadPoolExecutor.java:1074)
	at java.util.concurrent.ThreadPoolExecutor.runWorker(ThreadPoolExecutor.java:1134)
	at java.util.concurrent.ThreadPoolExecutor$Worker.run(ThreadPoolExecutor.java:624)
	at java.lang.Thread.run(Thread.java:748)
	at org.jboss.threads.JBossThread.run(JBossThread.java:485)

"MSC service thread 1-8" #22 prio=5 os_prio=0 tid=0x00000000052073e0 nid=0xa54 waiting on condition [0x00007fc775b58000]
   java.lang.Thread.State: WAITING (parking)
	at sun.misc.Unsafe.park(Native Method)
	- parking to wait for  <0x00000000db012140> (a org.jboss.threads.EnhancedQueueExecutor)
	at java.util.concurrent.locks.LockSupport.park(LockSupport.java:175)
	at org.jboss.threads.EnhancedQueueExecutor$ThreadBody.run(EnhancedQueueExecutor.java:1409)
	at java.lang.Thread.run(Thread.java:748)

"MSC service thread 1-7" #21 prio=5 os_prio=0 tid=0x0000000004c7c740 nid=0xa53 waiting on condition [0x00007fc775c59000]
   java.lang.Thread.State: WAITING (parking)
	at sun.misc.Unsafe.park(Native Method)
	- parking to wait for  <0x00000000db012140> (a org.jboss.threads.EnhancedQueueExecutor)
	at java.util.concurrent.locks.LockSupport.park(LockSupport.java:175)
	at org.jboss.threads.EnhancedQueueExecutor$ThreadBody.run(EnhancedQueueExecutor.java:1409)
	at java.lang.Thread.run(Thread.java:748)

"MSC service thread 1-6" #20 prio=5 os_prio=0 tid=0x0000000004f73600 nid=0xa52 waiting on condition [0x00007fc775d5a000]
   java.lang.Thread.State: WAITING (parking)
	at sun.misc.Unsafe.park(Native Method)
	- parking to wait for  <0x00000000db012140> (a org.jboss.threads.EnhancedQueueExecutor)
	at java.util.concurrent.locks.LockSupport.park(LockSupport.java:175)
	at org.jboss.threads.EnhancedQueueExecutor$ThreadBody.run(EnhancedQueueExecutor.java:1409)
	at java.lang.Thread.run(Thread.java:748)

"MSC service thread 1-5" #19 prio=5 os_prio=0 tid=0x000000000604e860 nid=0xa51 waiting on condition [0x00007fc77605b000]
   java.lang.Thread.State: WAITING (parking)
	at sun.misc.Unsafe.park(Native Method)
	- parking to wait for  <0x00000000db012140> (a org.jboss.threads.EnhancedQueueExecutor)
	at java.util.concurrent.locks.LockSupport.park(LockSupport.java:175)
	at org.jboss.threads.EnhancedQueueExecutor$ThreadBody.run(EnhancedQueueExecutor.java:1409)
	at java.lang.Thread.run(Thread.java:748)

"MSC service thread 1-4" #18 prio=5 os_prio=0 tid=0x000000000604c9e0 nid=0xa50 waiting on condition [0x00007fc77631c000]
   java.lang.Thread.State: WAITING (parking)
	at sun.misc.Unsafe.park(Native Method)
	- parking to wait for  <0x00000000db012140> (a org.jboss.threads.EnhancedQueueExecutor)
	at java.util.concurrent.locks.LockSupport.park(LockSupport.java:175)
	at org.jboss.threads.EnhancedQueueExecutor$ThreadBody.run(EnhancedQueueExecutor.java:1409)
	at java.lang.Thread.run(Thread.java:748)

"MSC service thread 1-3" #17 prio=5 os_prio=0 tid=0x00000000057c5500 nid=0xa4e waiting on condition [0x00007fc77615c000]
   java.lang.Thread.State: WAITING (parking)
	at sun.misc.Unsafe.park(Native Method)
	- parking to wait for  <0x00000000db012140> (a org.jboss.threads.EnhancedQueueExecutor)
	at java.util.concurrent.locks.LockSupport.park(LockSupport.java:175)
	at org.jboss.threads.EnhancedQueueExecutor$ThreadBody.run(EnhancedQueueExecutor.java:1409)
	at java.lang.Thread.run(Thread.java:748)

"MSC service thread 1-2" #16 prio=5 os_prio=0 tid=0x00000000038d6230 nid=0xa4d waiting on condition [0x00007fc77641d000]
   java.lang.Thread.State: WAITING (parking)
	at sun.misc.Unsafe.park(Native Method)
	- parking to wait for  <0x00000000db012140> (a org.jboss.threads.EnhancedQueueExecutor)
	at java.util.concurrent.locks.LockSupport.park(LockSupport.java:175)
	at org.jboss.threads.EnhancedQueueExecutor$ThreadBody.run(EnhancedQueueExecutor.java:1409)
	at java.lang.Thread.run(Thread.java:748)

"MSC service thread 1-1" #15 prio=5 os_prio=0 tid=0x00000000038d5190 nid=0xa4c waiting on condition [0x00007fc77651e000]
   java.lang.Thread.State: WAITING (parking)
	at sun.misc.Unsafe.park(Native Method)
	- parking to wait for  <0x00000000db012140> (a org.jboss.threads.EnhancedQueueExecutor)
	at java.util.concurrent.locks.LockSupport.park(LockSupport.java:175)
	at org.jboss.threads.EnhancedQueueExecutor$ThreadBody.run(EnhancedQueueExecutor.java:1409)
	at java.lang.Thread.run(Thread.java:748)

"Reference Reaper" #11 daemon prio=5 os_prio=0 tid=0x0000000002788070 nid=0xa4b in Object.wait() [0x00007fc778aea000]
   java.lang.Thread.State: WAITING (on object monitor)
	at java.lang.Object.wait(Native Method)
	- waiting on <0x00000000db7ad0b8> (a java.lang.ref.ReferenceQueue$Lock)
	at java.lang.ref.ReferenceQueue.remove(ReferenceQueue.java:143)
	- locked <0x00000000db7ad0b8> (a java.lang.ref.ReferenceQueue$Lock)
	at java.lang.ref.ReferenceQueue.remove(ReferenceQueue.java:164)
	at org.jboss.modules.ref.References$ReaperThread.run(References.java:64)

"Service Thread" #10 daemon prio=9 os_prio=0 tid=0x0000000002591510 nid=0xa49 runnable [0x0000000000000000]
   java.lang.Thread.State: RUNNABLE

"C1 CompilerThread3" #9 daemon prio=9 os_prio=0 tid=0x0000000002541920 nid=0xa48 waiting on condition [0x0000000000000000]
   java.lang.Thread.State: RUNNABLE

"C2 CompilerThread2" #8 daemon prio=9 os_prio=0 tid=0x000000000251d970 nid=0xa47 waiting on condition [0x0000000000000000]
   java.lang.Thread.State: RUNNABLE

"C2 CompilerThread1" #7 daemon prio=9 os_prio=0 tid=0x000000000251b1d0 nid=0xa46 waiting on condition [0x0000000000000000]
   java.lang.Thread.State: RUNNABLE

"C2 CompilerThread0" #6 daemon prio=9 os_prio=0 tid=0x0000000002518bc0 nid=0xa45 waiting on condition [0x0000000000000000]
   java.lang.Thread.State: RUNNABLE

"Signal Dispatcher" #5 daemon prio=9 os_prio=0 tid=0x000000000250b240 nid=0xa44 runnable [0x0000000000000000]
   java.lang.Thread.State: RUNNABLE

"Surrogate Locker Thread (Concurrent GC)" #4 daemon prio=9 os_prio=0 tid=0x0000000002509610 nid=0xa43 waiting on condition [0x0000000000000000]
   java.lang.Thread.State: RUNNABLE

"Finalizer" #3 daemon prio=8 os_prio=0 tid=0x00000000024de490 nid=0xa42 in Object.wait() [0x00007fc77f91c000]
   java.lang.Thread.State: WAITING (on object monitor)
	at java.lang.Object.wait(Native Method)
	- waiting on <0x00000000db7ad268> (a java.lang.ref.ReferenceQueue$Lock)
	at java.lang.ref.ReferenceQueue.remove(ReferenceQueue.java:143)
	- locked <0x00000000db7ad268> (a java.lang.ref.ReferenceQueue$Lock)
	at java.lang.ref.ReferenceQueue.remove(ReferenceQueue.java:164)
	at java.lang.ref.Finalizer$FinalizerThread.run(Finalizer.java:209)

"Reference Handler" #2 daemon prio=10 os_prio=0 tid=0x00000000024d3c60 nid=0xa41 in Object.wait() [0x00007fc77fa1d000]
   java.lang.Thread.State: WAITING (on object monitor)
	at java.lang.Object.wait(Native Method)
	- waiting on <0x00000000db7adee0> (a java.lang.ref.Reference$Lock)
	at java.lang.Object.wait(Object.java:502)
	at java.lang.ref.Reference.tryHandlePending(Reference.java:191)
	- locked <0x00000000db7adee0> (a java.lang.ref.Reference$Lock)
	at java.lang.ref.Reference$ReferenceHandler.run(Reference.java:153)

"VM Thread" os_prio=0 tid=0x00000000024c9400 nid=0xa40 runnable 

"Gang worker#0 (Parallel GC Threads)" os_prio=0 tid=0x0000000001f33e30 nid=0xa2c runnable 

"Gang worker#1 (Parallel GC Threads)" os_prio=0 tid=0x0000000001f35aa0 nid=0xa2d runnable 

"Gang worker#2 (Parallel GC Threads)" os_prio=0 tid=0x0000000001f37220 nid=0xa2e runnable 

"Gang worker#3 (Parallel GC Threads)" os_prio=0 tid=0x0000000001f38910 nid=0xa2f runnable 

"Gang worker#4 (Parallel GC Threads)" os_prio=0 tid=0x0000000001f3a000 nid=0xa30 runnable 

"Gang worker#5 (Parallel GC Threads)" os_prio=0 tid=0x0000000001f3b6f0 nid=0xa31 runnable 

"Gang worker#6 (Parallel GC Threads)" os_prio=0 tid=0x0000000001f3cde0 nid=0xa32 runnable 

"Gang worker#7 (Parallel GC Threads)" os_prio=0 tid=0x0000000001f3e4d0 nid=0xa33 runnable 

"G1 Main Concurrent Mark GC Thread" os_prio=0 tid=0x0000000001f63d50 nid=0xa3d runnable 

"Gang worker#0 (G1 Parallel Marking Threads)" os_prio=0 tid=0x0000000001f65a40 nid=0xa3e runnable 

"Gang worker#1 (G1 Parallel Marking Threads)" os_prio=0 tid=0x0000000001f675b0 nid=0xa3f runnable 

"G1 Concurrent Refinement Thread#0" os_prio=0 tid=0x0000000001f4e080 nid=0xa3c runnable 

"G1 Concurrent Refinement Thread#1" os_prio=0 tid=0x0000000001f4c7c0 nid=0xa3b runnable 

"G1 Concurrent Refinement Thread#2" os_prio=0 tid=0x0000000001f4af00 nid=0xa3a runnable 

"G1 Concurrent Refinement Thread#3" os_prio=0 tid=0x0000000001f49640 nid=0xa39 runnable 

"G1 Concurrent Refinement Thread#4" os_prio=0 tid=0x0000000001f47d80 nid=0xa38 runnable 

"G1 Concurrent Refinement Thread#5" os_prio=0 tid=0x0000000001f464c0 nid=0xa37 runnable 

"G1 Concurrent Refinement Thread#6" os_prio=0 tid=0x0000000001f44c00 nid=0xa36 runnable 

"G1 Concurrent Refinement Thread#7" os_prio=0 tid=0x0000000001f43250 nid=0xa35 runnable 

"G1 Concurrent Refinement Thread#8" os_prio=0 tid=0x0000000001f41560 nid=0xa34 runnable 

"VM Periodic Task Thread" os_prio=0 tid=0x00000000025956d0 nid=0xa4a waiting on condition 

JNI global references: 1644

